[2020-03-22 08:46:42,419] [-1234] [] [Start Level Event Dispatcher]  INFO {org.wso2.carbon.core.internal.CarbonCoreActivator} -  Starting WSO2 Carbon...
[2020-03-22 08:46:42,454] [-1234] [] [Start Level Event Dispatcher]  INFO {org.wso2.carbon.core.internal.CarbonCoreActivator} -  Operating System : Linux 4.19.76-linuxkit, amd64
[2020-03-22 08:46:42,457] [-1234] [] [Start Level Event Dispatcher]  INFO {org.wso2.carbon.core.internal.CarbonCoreActivator} -  Java Home        : /home/wso2carbon/java/jre
[2020-03-22 08:46:42,462] [-1234] [] [Start Level Event Dispatcher]  INFO {org.wso2.carbon.core.internal.CarbonCoreActivator} -  Java Version     : 1.8.0_212
[2020-03-22 08:46:42,464] [-1234] [] [Start Level Event Dispatcher]  INFO {org.wso2.carbon.core.internal.CarbonCoreActivator} -  Java VM          : OpenJDK 64-Bit Server VM 25.212-b03,AdoptOpenJDK
[2020-03-22 08:46:42,475] [-1234] [] [Start Level Event Dispatcher]  INFO {org.wso2.carbon.core.internal.CarbonCoreActivator} -  Carbon Home      : /home/wso2carbon/wso2ei-6.5.0
[2020-03-22 08:46:42,478] [-1234] [] [Start Level Event Dispatcher]  INFO {org.wso2.carbon.core.internal.CarbonCoreActivator} -  Java Temp Dir    : /home/wso2carbon/wso2ei-6.5.0/wso2/tmp
[2020-03-22 08:46:42,480] [-1234] [] [Start Level Event Dispatcher]  INFO {org.wso2.carbon.core.internal.CarbonCoreActivator} -  User             : wso2carbon, en-US, UTC
[2020-03-22 08:46:43,075] [-1] [] [Component Resolve Thread (Bundle 145)]  INFO {org.wso2.carbon.crypto.provider.internal.DefaultCryptoProviderComponent} -  'CryptoService.Secret' property has not been set. 'org.wso2.carbon.crypto.provider.SymmetricKeyInternalCryptoProvider' won't be registered as an internal crypto provider. Please set the secret if the provider needs to be registered.
[2020-03-22 08:46:43,145] [-1] [] [Component Resolve Thread (Bundle 145)]  INFO {org.wso2.carbon.dataservices.google.tokengen.servlet.internal.GoogleTokenGenDSComponent} -  Activating GoogleTokengen DS component
[2020-03-22 08:46:43,761] [-1] [] [Component Resolve Thread (Bundle 145)]  INFO {org.wso2.carbon.event.output.adapter.kafka.internal.ds.KafkaEventAdapterServiceDS} -  Successfully deployed the Kafka output event adaptor service
[2020-03-22 08:46:56,452] [-1234] [] [Start Level Event Dispatcher]  INFO {org.wso2.carbon.registry.core.jdbc.EmbeddedRegistryService} -  Configured Registry in 1314ms
[2020-03-22 08:47:00,207] [-1234] [] [Start Level Event Dispatcher]  INFO {org.wso2.carbon.registry.core.internal.RegistryCoreServiceComponent} -  Registry Mode    : READ-WRITE
[2020-03-22 08:47:12,300] [-1234] [] [Start Level Event Dispatcher]  INFO {org.wso2.carbon.registry.indexing.solr.SolrClient} -  Default Embedded Solr Server Initialized
[2020-03-22 08:47:14,050] [-1234] [] [Component Resolve Thread (Bundle 145)]  INFO {org.wso2.carbon.user.core.internal.UserStoreMgtDSComponent} -  Carbon UserStoreMgtDSComponent activated successfully.
[2020-03-22 08:47:27,321] [-1] [] [localhost-startStop-1]  INFO {org.apache.catalina.startup.TaglibUriRule} -  TLD skipped. URI: http://tiles.apache.org/tags-tiles is already defined
[2020-03-22 08:47:28,874] [-1234] [] [localhost-startStop-1]  INFO {org.apache.axis2.deployment.ClusterBuilder} -  Clustering has been disabled
[2020-03-22 08:47:29,817] [-1234] [] [localhost-startStop-1]  INFO {org.wso2.carbon.identity.user.store.configuration.deployer.UserStoreConfigurationDeployer} -  User Store Configuration Deployer initiated.
[2020-03-22 08:47:29,822] [-1234] [] [localhost-startStop-1]  INFO {org.wso2.carbon.identity.user.store.configuration.deployer.UserStoreConfigurationDeployer} -  User Store Configuration Deployer initiated.
[2020-03-22 08:47:32,493] [-1234] [] [localhost-startStop-1]  INFO {org.apache.synapse.transport.vfs.VFSTransportSender} -  VFS Sender started
[2020-03-22 08:47:32,663] [-1234] [] [localhost-startStop-1]  INFO {org.apache.synapse.transport.passthru.PassThroughHttpSender} -  Initializing Pass-through HTTP/S Sender...
[2020-03-22 08:47:32,832] [-1234] [] [localhost-startStop-1]  INFO {org.apache.synapse.transport.passthru.PassThroughHttpSender} -  Pass-through HTTP Sender started...
[2020-03-22 08:47:32,833] [-1234] [] [localhost-startStop-1]  INFO {org.apache.synapse.transport.passthru.PassThroughHttpSSLSender} -  Initializing Pass-through HTTP/S Sender...
[2020-03-22 08:47:32,904] [-1234] [] [localhost-startStop-1]  INFO {org.apache.synapse.transport.passthru.PassThroughHttpSSLSender} -  Pass-through HTTPS Sender started...
[2020-03-22 08:47:33,016] [-1234] [] [localhost-startStop-1]  INFO {org.apache.synapse.transport.passthru.PassThroughHttpListener} -  Initializing Pass-through HTTP/S Listener...
[2020-03-22 08:47:33,146] [-1234] [] [localhost-startStop-1]  INFO {org.apache.synapse.transport.passthru.PassThroughHttpSSLListener} -  Initializing Pass-through HTTP/S Listener...
[2020-03-22 08:47:33,510] [-1234] [] [localhost-startStop-1]  INFO {org.apache.axis2.deployment.ModuleDeployer} -  Deploying module: addressing-1.6.1-wso2v35 - file:/home/wso2carbon/wso2ei-6.5.0/repository/deployment/client/modules/addressing-1.6.1-wso2v35.mar
[2020-03-22 08:47:33,550] [-1234] [] [localhost-startStop-1]  INFO {org.apache.axis2.deployment.ModuleDeployer} -  Deploying module: rampart-1.6.1-wso2v34 - file:/home/wso2carbon/wso2ei-6.5.0/repository/deployment/client/modules/rampart-1.6.1-wso2v34.mar
[2020-03-22 08:47:34,496] [-1234] [] [localhost-startStop-1]  INFO {org.apache.axis2.deployment.DeploymentEngine} -  Deploying Web service: org.wso2.carbon.business.messaging.hl7.store-4.6.150 - 
[2020-03-22 08:47:36,671] [-1234] [] [localhost-startStop-1]  INFO {org.apache.axis2.deployment.DeploymentEngine} -  Deploying Web service: org.wso2.carbon.message.processor-4.6.150 - 
[2020-03-22 08:47:36,715] [-1234] [] [localhost-startStop-1]  INFO {org.apache.axis2.deployment.DeploymentEngine} -  Deploying Web service: org.wso2.carbon.message.store-4.6.150 - 
[2020-03-22 08:47:38,787] [-1234] [] [localhost-startStop-1]  INFO {org.wso2.carbon.core.deployment.DeploymentInterceptor} -  Deploying Axis2 service: wso2carbon-sts {super-tenant}
[2020-03-22 08:47:38,887] [-1234] [] [localhost-startStop-1]  INFO {org.apache.axis2.deployment.DeploymentEngine} -  Deploying Web service: org.wso2.carbon.sts-5.2.19 - 
[2020-03-22 08:47:39,194] [-1234] [] [localhost-startStop-1]  INFO {org.apache.axis2.deployment.DeploymentEngine} -  Deploying Web service: org.wso2.carbon.tryit-4.6.65 - 
[2020-03-22 08:47:39,721] [-1234] [] [localhost-startStop-1]  INFO {org.wso2.carbon.core.init.CarbonServerManager} -  Repository       : /home/wso2carbon/wso2ei-6.5.0/repository/deployment/server/
[2020-03-22 08:47:40,150] [-1234] [] [localhost-startStop-1]  INFO {org.wso2.carbon.core.multitenancy.eager.TenantLoadingConfig} -  Using tenant lazy loading policy...
[2020-03-22 08:47:40,239] [-1234] [] [localhost-startStop-1]  INFO {org.wso2.carbon.core.internal.permission.update.PermissionUpdater} -  Permission cache updated for tenant -1234
[2020-03-22 08:47:40,488] [-1234] [] [localhost-startStop-1]  INFO {org.wso2.carbon.rule.kernel.internal.ds.RuleEngineConfigDS} -  Successfully registered the Rule Config service
[2020-03-22 08:47:44,282] [-1234] [] [localhost-startStop-1]  INFO {org.wso2.carbon.mediation.initializer.ServiceBusInitializer} -  Starting ESB...
[2020-03-22 08:47:44,456] [-1234] [] [localhost-startStop-1]  INFO {org.wso2.carbon.mediation.initializer.ServiceBusInitializer} -  Initializing Apache Synapse...
[2020-03-22 08:47:44,471] [-1234] [] [localhost-startStop-1]  INFO {org.apache.synapse.SynapseControllerFactory} -  Using Synapse home : /home/wso2carbon/wso2ei-6.5.0/.
[2020-03-22 08:47:44,475] [-1234] [] [localhost-startStop-1]  INFO {org.apache.synapse.SynapseControllerFactory} -  Using synapse.xml location : /home/wso2carbon/wso2ei-6.5.0/././repository/deployment/server/synapse-configs/default
[2020-03-22 08:47:44,479] [-1234] [] [localhost-startStop-1]  INFO {org.apache.synapse.SynapseControllerFactory} -  Using server name : localhost
[2020-03-22 08:47:44,494] [-1234] [] [localhost-startStop-1]  INFO {org.apache.synapse.SynapseControllerFactory} -  The timeout handler will run every : 15s
[2020-03-22 08:47:44,545] [-1234] [] [localhost-startStop-1]  INFO {org.apache.synapse.Axis2SynapseController} -  Initializing Synapse at : Sun Mar 22 08:47:44 UTC 2020
[2020-03-22 08:47:44,626] [-1234] [] [localhost-startStop-1]  INFO {org.wso2.carbon.mediation.initializer.CarbonSynapseController} -  Loading the mediation configuration from the file system
[2020-03-22 08:47:44,636] [-1234] [] [localhost-startStop-1]  INFO {org.apache.synapse.config.xml.MultiXMLConfigurationBuilder} -  Building synapse configuration from the synapse artifact repository at : ././repository/deployment/server/synapse-configs/default
[2020-03-22 08:47:44,665] [-1234] [] [localhost-startStop-1]  INFO {org.apache.synapse.config.xml.XMLConfigurationBuilder} -  Generating the Synapse configuration model by parsing the XML configuration
[2020-03-22 08:47:44,949] [-1234] [] [localhost-startStop-1]  INFO {org.wso2.carbon.mediation.dependency.mgt.DependencyTracker} -  Sequence : main was added to the Synapse configuration successfully
[2020-03-22 08:47:44,957] [-1234] [] [localhost-startStop-1]  INFO {org.wso2.carbon.mediation.dependency.mgt.DependencyTracker} -  Sequence : fault was added to the Synapse configuration successfully
[2020-03-22 08:47:44,961] [-1234] [] [localhost-startStop-1]  INFO {org.apache.synapse.config.SynapseConfigurationBuilder} -  Loaded Synapse configuration from the artifact repository at : ././repository/deployment/server/synapse-configs/default
[2020-03-22 08:47:44,965] [-1234] [] [localhost-startStop-1]  INFO {org.wso2.carbon.mediation.dependency.mgt.DependencyTracker} -  Local entry : SERVER_HOST was added to the Synapse configuration successfully
[2020-03-22 08:47:44,967] [-1234] [] [localhost-startStop-1]  INFO {org.wso2.carbon.mediation.dependency.mgt.DependencyTracker} -  Local entry : SERVER_IP was added to the Synapse configuration successfully
[2020-03-22 08:47:44,983] [-1234] [] [localhost-startStop-1]  INFO {org.apache.synapse.Axis2SynapseController} -  Loading mediator extensions...
[2020-03-22 08:47:45,024] [-1234] [] [localhost-startStop-1]  INFO {org.wso2.carbon.core.deployment.DeploymentInterceptor} -  Deploying Axis2 service: echo {super-tenant}
[2020-03-22 08:47:45,027] [-1234] [] [localhost-startStop-1]  INFO {org.apache.axis2.deployment.DeploymentEngine} -  Deploying Web service: Echo.aar - file:/home/wso2carbon/wso2ei-6.5.0/repository/deployment/server/axis2services/Echo.aar
[2020-03-22 08:47:45,064] [-1234] [] [localhost-startStop-1]  INFO {org.wso2.carbon.core.deployment.DeploymentInterceptor} -  Deploying Axis2 service: Version {super-tenant}
[2020-03-22 08:47:45,066] [-1234] [] [localhost-startStop-1]  INFO {org.apache.axis2.deployment.DeploymentEngine} -  Deploying Web service: Version.aar - file:/home/wso2carbon/wso2ei-6.5.0/repository/deployment/server/axis2services/Version.aar
[2020-03-22 08:47:45,104] [-1234] [] [localhost-startStop-1]  INFO {org.wso2.carbon.event.publisher.core.internal.util.helper.EventPublisherConfigurationFilesystemInvoker} -  Event Publisher configuration deleted from the file system : MessageFlowConfigurationPublisher.xml
[2020-03-22 08:47:45,106] [-1234] [] [localhost-startStop-1]  INFO {org.wso2.carbon.event.publisher.core.EventPublisherDeployer} -  Event Publisher undeployed successfully : MessageFlowConfigurationPublisher.xml
[2020-03-22 08:47:45,334] [-1234] [] [localhost-startStop-1]  INFO {org.wso2.carbon.event.publisher.core.internal.util.helper.EventPublisherConfigurationFilesystemInvoker} -  Event Publisher configuration saved in the filesystem : MessageFlowConfigurationPublisher.xml
[2020-03-22 08:47:45,385] [-1234] [] [localhost-startStop-1]  INFO {org.wso2.carbon.event.publisher.core.EventPublisherDeployer} -  Event Publisher deployment held back and in inactive state :MessageFlowConfigurationPublisher.xml, Stream validation exception : Stream org.wso2.esb.analytics.stream.ConfigEntry:1.0.0 does not exist
[2020-03-22 08:47:45,425] [-1234] [] [localhost-startStop-1]  INFO {org.wso2.carbon.event.publisher.core.internal.util.helper.EventPublisherConfigurationFilesystemInvoker} -  Event Publisher configuration deleted from the file system : MessageFlowStatisticsPublisher.xml
[2020-03-22 08:47:45,428] [-1234] [] [localhost-startStop-1]  INFO {org.wso2.carbon.event.publisher.core.EventPublisherDeployer} -  Event Publisher undeployed successfully : MessageFlowStatisticsPublisher.xml
[2020-03-22 08:47:45,521] [-1234] [] [localhost-startStop-1]  INFO {org.wso2.carbon.event.publisher.core.internal.util.helper.EventPublisherConfigurationFilesystemInvoker} -  Event Publisher configuration saved in the filesystem : MessageFlowStatisticsPublisher.xml
[2020-03-22 08:47:45,559] [-1234] [] [localhost-startStop-1]  INFO {org.wso2.carbon.event.publisher.core.EventPublisherDeployer} -  Event Publisher deployment held back and in inactive state :MessageFlowStatisticsPublisher.xml, Stream validation exception : Stream org.wso2.esb.analytics.stream.FlowEntry:1.0.0 does not exist
[2020-03-22 08:47:45,736] [-1234] [] [localhost-startStop-1]  INFO {org.wso2.carbon.event.publisher.core.EventPublisherDeployer} -  Event Publisher undeployed successfully : MessageFlowConfigurationPublisher.xml
[2020-03-22 08:47:45,865] [-1234] [] [localhost-startStop-1]  INFO {org.wso2.carbon.event.stream.core.internal.EventJunction} -  WSO2EventConsumer added to the junction. Stream:org.wso2.esb.analytics.stream.ConfigEntry:1.0.0
[2020-03-22 08:47:45,875] [-1234] [] [localhost-startStop-1]  INFO {org.wso2.carbon.event.publisher.core.EventPublisherDeployer} -  Event Publisher configuration successfully deployed and in active state : MessageFlowConfigurationPublisher
[2020-03-22 08:47:45,876] [-1234] [] [localhost-startStop-1]  INFO {org.wso2.carbon.event.stream.core.EventStreamDeployer} -  Stream definition is deployed successfully  : org.wso2.esb.analytics.stream.ConfigEntry:1.0.0
[2020-03-22 08:47:45,890] [-1234] [] [localhost-startStop-1]  INFO {org.wso2.carbon.event.publisher.core.EventPublisherDeployer} -  Event Publisher undeployed successfully : MessageFlowStatisticsPublisher.xml
[2020-03-22 08:47:46,003] [-1234] [] [localhost-startStop-1]  INFO {org.wso2.carbon.event.stream.core.internal.EventJunction} -  WSO2EventConsumer added to the junction. Stream:org.wso2.esb.analytics.stream.FlowEntry:1.0.0
[2020-03-22 08:47:46,005] [-1234] [] [localhost-startStop-1]  INFO {org.wso2.carbon.event.publisher.core.EventPublisherDeployer} -  Event Publisher configuration successfully deployed and in active state : MessageFlowStatisticsPublisher
[2020-03-22 08:47:46,007] [-1234] [] [localhost-startStop-1]  INFO {org.wso2.carbon.event.stream.core.EventStreamDeployer} -  Stream definition is deployed successfully  : org.wso2.esb.analytics.stream.FlowEntry:1.0.0
[2020-03-22 08:47:46,675] [-1234] [] [localhost-startStop-1]  INFO {org.wso2.carbon.webapp.mgt.TomcatGenericWebappsDeployer} -  Deployed webapp: StandardEngine[Catalina].StandardHost[localhost].StandardContext[/odata].File[/home/wso2carbon/wso2ei-6.5.0/repository/deployment/server/webapps/odata.war]
[2020-03-22 08:47:46,691] [-1234] [] [localhost-startStop-1]  INFO {org.apache.synapse.Axis2SynapseController} -  Deploying the Synapse service...
[2020-03-22 08:47:46,695] [-1234] [] [localhost-startStop-1]  INFO {org.apache.synapse.Axis2SynapseController} -  Deploying Proxy services...
[2020-03-22 08:47:46,697] [-1234] [] [localhost-startStop-1]  INFO {org.apache.synapse.Axis2SynapseController} -  Deploying EventSources...
[2020-03-22 08:47:46,758] [-1234] [] [localhost-startStop-1]  INFO {org.apache.synapse.ServerManager} -  Server ready for processing...
[2020-03-22 08:47:47,021] [-1234] [] [localhost-startStop-1]  INFO {org.wso2.carbon.das.messageflow.data.publisher.internal.MediationStatisticsComponent} -  Global Message-Flow Statistic Reporting is Disabled
[2020-03-22 08:47:47,515] [-1234] [] [localhost-startStop-1]  INFO {org.wso2.carbon.inbound.endpoint.persistence.InboundEndpointsDataStore} -  Inbound endpoint registry data not found, so re-initializing registry data
[2020-03-22 08:47:48,818] [-1234] [] [localhost-startStop-1]  INFO {org.apache.synapse.transport.vfs.VFSTransportListener} -  VFS listener started
[2020-03-22 08:47:48,827] [-1234] [] [localhost-startStop-1]  INFO {org.apache.synapse.transport.passthru.PassThroughHttpListener} -  Starting Pass-through HTTP Listener...
[2020-03-22 08:47:48,983] [-1234] [] [localhost-startStop-1]  INFO {org.apache.synapse.transport.passthru.core.PassThroughListeningIOReactorManager} -  Pass-through HTTP Listener started on 0.0.0.0:8280
[2020-03-22 08:47:48,997] [-1234] [] [localhost-startStop-1]  INFO {org.apache.synapse.transport.passthru.PassThroughHttpSSLListener} -  Starting Pass-through HTTPS Listener...
[2020-03-22 08:47:49,079] [-1234] [] [localhost-startStop-1]  INFO {org.apache.synapse.transport.passthru.core.PassThroughListeningIOReactorManager} -  Pass-through HTTPS Listener started on 0.0.0.0:8243
[2020-03-22 08:47:49,140] [-1234] [] [localhost-startStop-1]  INFO {org.apache.tomcat.util.net.NioSelectorPool} -  Using a shared selector for servlet write/read
[2020-03-22 08:47:49,491] [-1234] [] [localhost-startStop-1]  INFO {org.apache.tomcat.util.net.NioSelectorPool} -  Using a shared selector for servlet write/read
[2020-03-22 08:47:49,779] [-1234] [] [localhost-startStop-1]  INFO {org.wso2.carbon.ntask.core.service.impl.TaskServiceImpl} -  Task service starting in STANDALONE mode...
[2020-03-22 08:47:49,900] [-1234] [] [localhost-startStop-1]  INFO {org.wso2.carbon.mediation.ntask.NTaskTaskManager} -  Initialized task manager. Tenant [-1234]
[2020-03-22 08:47:50,147] [-1234] [] [localhost-startStop-1]  INFO {org.wso2.carbon.core.init.JMXServerManager} -  JMX Service URL  : service:jmx:rmi://localhost:11111/jndi/rmi://localhost:9999/jmxrmi
[2020-03-22 08:47:50,158] [-1234] [] [localhost-startStop-1]  INFO {org.wso2.carbon.core.internal.StartupFinalizerServiceComponent} -  Server           :  WSO2 Enterprise Integrator-6.5.0
[2020-03-22 08:47:50,161] [-1234] [] [localhost-startStop-1]  INFO {org.wso2.carbon.core.internal.StartupFinalizerServiceComponent} -  WSO2 Carbon started in 89 sec
[2020-03-22 08:47:50,764] [-1234] [] [localhost-startStop-1]  INFO {org.wso2.carbon.ui.internal.CarbonUIServiceComponent} -  Mgt Console URL  : https://172.22.0.3:9443/carbon/
[2020-03-22 08:51:29,706] [-1234] [] [http-nio-9443-exec-50]  INFO {org.wso2.carbon.core.services.util.CarbonAuthenticationUtil} -  'admin@carbon.super [-1234]' logged in at [2020-03-22 08:51:29,690+0000]
